    Finished `dev` profile [unoptimized + debuginfo] target(s) in 0.16s
     Running `target/debug/xtask lima run -- bash -lc '
set -uo pipefail
ROOT="$PWD"
WORK="$(mktemp -d)"
DATA="$WORK/data"; CONF="$WORK/conf"; CREDS="$WORK/creds"
mkdir -p "$DATA" "$CONF" "$CREDS"
KEK_ID="overdrive-ca-root"
INTENT="$DATA/intent.redb"

# 32 raw bytes is the KEK material shape SystemdCredsKeyring reads from
# $CREDENTIALS_DIRECTORY/<id> (same shape the in-tree fixture stages).
mk_kek() { head -c 32 /dev/zero | tr "\0" "$1" > "$CREDS/$KEK_ID"; }

# Run `overdrive serve` for a bounded time with a chosen creds dir, capturing
# combined stdout+stderr and the exit code. A refusal exits fast and non-zero;
# a successful boot blocks on the listener, so we cap it with `timeout` and
# treat a timeout (124) as "reached serving" for the seeding boot.
#
# CRITICAL — each boot runs under a FRESH kernel session keyring via
# `keyctl session - <cmd>`. The production SystemdCredsKeyring CACHES the
# resolved KEK in the session keyring under a stable description; without a
# fresh session, a later boot reads the PRIOR boot`s cached KEK and never
# consults its own creds dir — masking wrong-KEK / absent-KEK refusals (the
# kernel-keyring-leak hazard, feedback_no_run_gate_misses_boot_regressions).
serve() { # <creds_dir> <out_file> <timeout_secs>
  local creds="$1" out="$2" t="$3"
  keyctl session - env CREDENTIALS_DIRECTORY="$creds" OVERDRIVE_CONFIG_DIR="$CONF" \
    timeout --preserve-status -s INT "${t}s" \
    cargo run -q -p overdrive-cli --bin overdrive -- serve --bind 127.0.0.1:0 --data-dir "$DATA" \
    > "$out" 2>&1
  echo $?
}

rc=0

# --- 1. Seed: first boot under the CORRECT KEK persists the root. -------------
mk_kek "\\377"   # 0xFF bytes
seed_rc=$(serve "$CREDS" "$WORK/seed.out" 20)
if [ '\!' -f "$INTENT" ]; then
  echo "  [FAIL] seeding boot did not persist $INTENT (rc=$seed_rc)"
  sed -n "1,40p" "$WORK/seed.out"
  exit 1
fi
echo "  [PASS] first boot persisted the root IntentStore at $INTENT"
# Capture the persisted cert-material region as the no-remint witness: the
# whole redb file hash is stable iff the root is not re-minted.
seed_hash="$(sha256sum "$INTENT" | cut -d" " -f1)"

# --- 2. WRONG KEK MATERIAL (same id) -> refuse-to-start, AUTH-FAILURE cause. ---
# Same kek_id, WRONG material -> the id check passes (NOT WrongKek) and the
# AES-GCM open fails authentication -> CaError::EnvelopeAuthFailed.
WRONG="$WORK/wrong"; mkdir -p "$WRONG"
head -c 32 /dev/zero | tr "\0" "\\042" > "$WRONG/$KEK_ID"   # 0x22 bytes
wrong_rc=$(serve "$WRONG" "$WORK/wrong.out" 20)
wrong_msg="$(cat "$WORK/wrong.out")"
if [ "$wrong_rc" '\!'= 0 ]; then
  echo "  [PASS] wrong-KEK-material boot refused to start (exit $wrong_rc, non-zero)"
else
  echo "  [FAIL] wrong-KEK-material boot did NOT refuse (exit 0)"; rc=1
fi
# Cause token: the AES-GCM auth failure, naming BOTH possibilities.
if printf "%s" "$wrong_msg" | grep -qi "failed AES-GCM authentication"; then
  echo "  [PASS] wrong-KEK-material stderr names the AES-GCM auth-failure cause"
else
  echo "  [FAIL] wrong-KEK-material stderr lacks the AES-GCM auth-failure token"; rc=1
  printf "%s\n" "$wrong_msg" | sed -n "1,20p"
fi
if printf "%s" "$wrong_msg" | grep -qi "material is wrong OR" \
   && printf "%s" "$wrong_msg" | grep -qi "tampered/corrupted"; then
  echo "  [PASS] wrong-KEK-material stderr names BOTH possibilities (wrong material OR tamper)"
else
  echo "  [FAIL] wrong-KEK-material stderr does not name both possibilities"; rc=1
fi
# Actionable: names the IntentStore path the operator must inspect.
if printf "%s" "$wrong_msg" | grep -qF "$INTENT"; then
  echo "  [PASS] wrong-KEK-material stderr names the IntentStore path $INTENT"
else
  echo "  [FAIL] wrong-KEK-material stderr does not name the IntentStore path $INTENT"; rc=1
fi

# --- 3. STRUCTURALLY CORRUPTED envelope -> refuse-to-start, DECODE cause. ------
# A tamper that keeps the record DECODABLE surfaces as auth-failure (the SAME
# class as step 2 — not distinct). To exercise a DISTINCT decode cause the
# corruption must break the record STRUCTURE so it fails at deserialize BEFORE
# crypto, WITHOUT damaging the redb container (truncating the redb *file* trips
# an internal redb page-layout panic before the app ever decodes — not the
# decode path we mean to exercise). So this corrupts the persisted ENVELOPE
# VALUE *in place* (same total file length → redb stays structurally valid),
# flipping a run that spans the rkyv archived root + the outer-enum discriminant
# (pinned 52 bytes from the value END; the only known discriminant is 0, so any
# flip → UnknownVersion / Malformed). from_store_bytes then returns a decode
# failure (EnvelopeError::{Malformed,UnknownVersion} -> IntentStoreError::Envelope)
# before the AES-GCM open ever runs. (Tamper-but-decodable is covered by step 2 
# "or tampered" wording.)
python3 - "$INTENT" <<PY
import sys
p = sys.argv[1]
b = bytearray(open(p,"rb").read())
marker = b"ca/root/key-envelope/v1"
i = b.find(marker)
if i == -1:
    sys.exit("could not locate key-envelope marker in redb file")
# In-place flip (NO length change -> redb container framing intact; truncating
# the redb file trips redb own page-layout assertion BEFORE the app decodes,
# masking the decode path we mean to exercise). Flip the 64-byte run immediately
# following the key marker — the start of the persisted envelope value region.
# rkyv archives the outer-enum discriminant + root structure across the value,
# so flipping its leading run breaks the archived framing and from_store_bytes
# fails at decode (EnvelopeError::{Malformed,UnknownVersion} ->
# IntentStoreError::Envelope) BEFORE the AES-GCM open runs. (This is the same
# byte run the pre-correction capture used, which rendered a decode/Malformed
# message per ADR-0063 2026-06-10 amendment; the only change is keeping it
# in-place rather than truncating.)
start = i + len(marker)
end = min(start + 64, len(b))
for k in range(start, end):
    b[k] ^= 0xff
open(p,"wb").write(b)   # same length as the original
PY
tamper_rc=$(serve "$CREDS" "$WORK/tamper.out" 20)
tamper_msg="$(cat "$WORK/tamper.out")"
if [ "$tamper_rc" '\!'= 0 ]; then
  echo "  [PASS] corrupted-envelope boot refused to start (exit $tamper_rc)"
else
  echo "  [FAIL] corrupted-envelope boot did NOT refuse (exit 0)"; rc=1
fi
# Cause token: a decode/Malformed failure (distinct CLASS from step 2 
# auth-failure — this fails before crypto).
if printf "%s" "$tamper_msg" | grep -qiE "decode|malformed"; then
  echo "  [PASS] corrupted-envelope stderr names a decode/Malformed cause"
else
  echo "  [FAIL] corrupted-envelope stderr lacks a decode/Malformed token"; rc=1
  printf "%s\n" "$tamper_msg" | sed -n "1,20p"
fi
# The corrupted-envelope cause must NOT be the auth-failure cause (distinct class).
if printf "%s" "$tamper_msg" | grep -qi "failed AES-GCM authentication"; then
  echo "  [FAIL] corrupted-envelope rendered the AUTH-FAILURE cause (not a distinct decode class)"; rc=1
else
  echo "  [PASS] corrupted-envelope cause is distinct from the auth-failure class"
fi
# Actionable: names the IntentStore path.
if printf "%s" "$tamper_msg" | grep -qF "$INTENT"; then
  echo "  [PASS] corrupted-envelope stderr names the IntentStore path $INTENT"
else
  echo "  [FAIL] corrupted-envelope stderr does not name the IntentStore path $INTENT"; rc=1
fi

# --- 4. ABSENT KEK -> refuse-to-start before any issuance, no throwaway KEK. --
EMPTY="$WORK/empty"; mkdir -p "$EMPTY"
DATA2="$WORK/data2"; mkdir -p "$DATA2"
absent_rc=$(keyctl session - env -u OVERDRIVE_CA_KEK -u OVERDRIVE_CA_KEK_DEV_OPT_IN \
  CREDENTIALS_DIRECTORY="$EMPTY" OVERDRIVE_CONFIG_DIR="$CONF" \
  timeout --preserve-status -s INT 20s \
  cargo run -q -p overdrive-cli --bin overdrive -- serve --bind 127.0.0.1:0 --data-dir "$DATA2" \
  > "$WORK/absent.out" 2>&1; echo $?)
absent_msg="$(cat "$WORK/absent.out")"
if [ "$absent_rc" '\!'= 0 ]; then
  echo "  [PASS] absent-KEK boot refused to start (exit $absent_rc)"
else
  echo "  [FAIL] absent-KEK boot did NOT refuse (exit 0)"; rc=1
fi
# Cause token: the KEK is unavailable (distinct CLASS from the two above).
if printf "%s" "$absent_msg" | grep -qi "unavailable"; then
  echo "  [PASS] absent-KEK stderr names the KEK as unavailable"
else
  echo "  [FAIL] absent-KEK stderr lacks a KEK-unavailable token"; rc=1
  printf "%s\n" "$absent_msg" | sed -n "1,20p"
fi
# Distinct from the other two cause classes.
if printf "%s" "$absent_msg" | grep -qiE "failed AES-GCM authentication|decode|malformed"; then
  echo "  [FAIL] absent-KEK rendered an auth-failure/decode cause (not a distinct KEK-unavailable class)"; rc=1
else
  echo "  [PASS] absent-KEK cause is distinct from the auth-failure and decode classes"
fi
if [ -f "$DATA2/intent.redb" ]; then
  # An absent-KEK refusal must fire BEFORE generate-or-persist, so no envelope.
  if grep -aq "key-envelope" "$DATA2/intent.redb" 2>/dev/null; then
    echo "  [FAIL] absent-KEK boot persisted a root-key envelope (throwaway KEK?)"; rc=1
  else
    echo "  [PASS] absent-KEK boot persisted no root-key envelope (no throwaway KEK)"
  fi
else
  echo "  [PASS] absent-KEK boot persisted no IntentStore (refused before issuance)"
fi

# --- O04 sub-claim 5: pairwise-distinct cause CLASSES (by token, not by string
# inequality). The contract is that an operator can tell the three apart by the
# cause — so each refusal must carry its OWN distinctive token and NOT the
# others`. We classify each captured stderr by its token set and assert the
# three classes are { auth-failure, decode-malformed, kek-unavailable }.
classify() { # <stderr_file> -> echoes one of AUTH / DECODE / KEK / UNKNOWN
  local f="$1"
  if grep -qi "failed AES-GCM authentication" "$f"; then echo AUTH
  elif grep -qiE "decode|malformed" "$f"; then echo DECODE
  elif grep -qi "unavailable" "$f"; then echo KEK
  else echo UNKNOWN; fi
}
wcls="$(classify "$WORK/wrong.out")"
tcls="$(classify "$WORK/tamper.out")"
acls="$(classify "$WORK/absent.out")"
echo "  wrong-KEK-material class:  $wcls"
echo "  corrupted-envelope class:  $tcls"
echo "  absent-KEK class:          $acls"
[ "$wcls" = AUTH ]   && echo "  [PASS] wrong-KEK-material classifies as AUTH"   || { echo "  [FAIL] wrong-KEK-material not AUTH ($wcls)"; rc=1; }
[ "$tcls" = DECODE ] && echo "  [PASS] corrupted-envelope classifies as DECODE" || { echo "  [FAIL] corrupted-envelope not DECODE ($tcls)"; rc=1; }
[ "$acls" = KEK ]    && echo "  [PASS] absent-KEK classifies as KEK"            || { echo "  [FAIL] absent-KEK not KEK ($acls)"; rc=1; }
[ "$wcls" '\!'= "$tcls" ] && echo "  [PASS] auth-failure vs decode-malformed are distinct classes" || { echo "  [FAIL] auth-failure vs decode-malformed same class"; rc=1; }
[ "$wcls" '\!'= "$acls" ] && echo "  [PASS] auth-failure vs KEK-unavailable are distinct classes" || { echo "  [FAIL] auth-failure vs KEK-unavailable same class"; rc=1; }
[ "$tcls" '\!'= "$acls" ] && echo "  [PASS] decode-malformed vs KEK-unavailable are distinct classes" || { echo "  [FAIL] decode-malformed vs KEK-unavailable same class"; rc=1; }

# --- O04 sub-claim 4: no silent re-mint across the refused boots. -------------
# The wrong-KEK refusal ran against the original $INTENT (before tamper); its
# refusal must not have overwritten the root. We hashed the seed BEFORE the
# tamper, so compare against a fresh seed in a clean dir to prove the refused
# boot leaves the persisted root intact: re-supply the correct KEK on a freshly
# seeded store and confirm the cert material is byte-stable across a refused boot.
DATA3="$WORK/data3"; mkdir -p "$DATA3"
# The no-remint witness is the PERSISTED ROOT CERT, not the whole redb file:
# redb rewrites file metadata / padding on every open (even a refused boot that
# never reaches persist), so a whole-file hash is noisy. The root cert PEM is
# the durable identity — a silent re-mint would replace it with a new keypair`s
# cert. Extract every CERTIFICATE PEM block from the redb bytes and hash them.
root_cert_hash() { # <redb_path>
  python3 - "$1" <<PY
import sys, re, hashlib
b = open(sys.argv[1],"rb").read()
blocks = re.findall(rb"-----BEGIN CERTIFICATE-----.*?-----END CERTIFICATE-----", b, re.S)
blocks.sort()
print(hashlib.sha256(b"".join(blocks)).hexdigest() if blocks else "NO-CERT")
PY
}
keyctl session - env CREDENTIALS_DIRECTORY="$CREDS" OVERDRIVE_CONFIG_DIR="$CONF" \
  timeout --preserve-status -s INT 20s \
  cargo run -q -p overdrive-cli --bin overdrive -- serve --bind 127.0.0.1:0 --data-dir "$DATA3" \
  > "$WORK/seed3.out" 2>&1 || true
h_before="$(root_cert_hash "$DATA3/intent.redb")"
keyctl session - env CREDENTIALS_DIRECTORY="$WRONG" OVERDRIVE_CONFIG_DIR="$CONF" \
  timeout --preserve-status -s INT 20s \
  cargo run -q -p overdrive-cli --bin overdrive -- serve --bind 127.0.0.1:0 --data-dir "$DATA3" \
  > "$WORK/refuse3.out" 2>&1 || true
h_after="$(root_cert_hash "$DATA3/intent.redb")"
if [ "$h_before" = "$h_after" ] && [ "$h_before" '\!'= "NO-CERT" ]; then
  echo "  [PASS] refused boot did NOT re-mint the root (persisted root cert byte-stable: $h_before)"
else
  echo "  [FAIL] refused boot changed the persisted root cert ($h_before -> $h_after)"; rc=1
fi
keyctl session - env CREDENTIALS_DIRECTORY="$CREDS" OVERDRIVE_CONFIG_DIR="$CONF" \
  timeout --preserve-status -s INT 20s \
  cargo run -q -p overdrive-cli --bin overdrive -- serve --bind 127.0.0.1:0 --data-dir "$DATA3" \
  > "$WORK/recover3.out" 2>&1 || true
h_recover="$(root_cert_hash "$DATA3/intent.redb")"
if [ "$h_before" = "$h_recover" ]; then
  echo "  [PASS] re-supplying the correct KEK adopts the SAME root (byte-stable)"
else
  echo "  [FAIL] recovery boot changed the root (re-mint after refusal)"; rc=1
fi

rm -rf "$WORK"
exit $rc
'`
/opt/homebrew/bin/limactl
xtask: running limactl shell <cmd>
  [PASS] first boot persisted the root IntentStore at /tmp/tmp.H1B29Q7Xfl/data/intent.redb
  [PASS] wrong-KEK-material boot refused to start (exit 1, non-zero)
  [PASS] wrong-KEK-material stderr names the AES-GCM auth-failure cause
  [PASS] wrong-KEK-material stderr names BOTH possibilities (wrong material OR tamper)
  [PASS] wrong-KEK-material stderr names the IntentStore path /tmp/tmp.H1B29Q7Xfl/data/intent.redb
  [PASS] corrupted-envelope boot refused to start (exit 1)
  [PASS] corrupted-envelope stderr names a decode/Malformed cause
  [PASS] corrupted-envelope cause is distinct from the auth-failure class
  [PASS] corrupted-envelope stderr names the IntentStore path /tmp/tmp.H1B29Q7Xfl/data/intent.redb
  [PASS] absent-KEK boot refused to start (exit 1)
  [PASS] absent-KEK stderr names the KEK as unavailable
  [PASS] absent-KEK cause is distinct from the auth-failure and decode classes
  [PASS] absent-KEK boot persisted no root-key envelope (no throwaway KEK)
  wrong-KEK-material class:  AUTH
  corrupted-envelope class:  DECODE
  absent-KEK class:          KEK
  [PASS] wrong-KEK-material classifies as AUTH
  [PASS] corrupted-envelope classifies as DECODE
  [PASS] absent-KEK classifies as KEK
  [PASS] auth-failure vs decode-malformed are distinct classes
  [PASS] auth-failure vs KEK-unavailable are distinct classes
  [PASS] decode-malformed vs KEK-unavailable are distinct classes
  [PASS] refused boot did NOT re-mint the root (persisted root cert byte-stable: d60d378b01950068b8e84c532b1ffed43d8e01db50006cc2de0230b6fded2dc9)
  [PASS] re-supplying the correct KEK adopts the SAME root (byte-stable)
[3J'unknown': I need something more specific.
