    Finished `dev` profile [unoptimized + debuginfo] target(s) in 0.07s
     Running `target/debug/xtask lima run -- bash -c 'set -uo pipefail
EVID="/Users/marcus/conductor/workspaces/helios/luxembourg-v2/verification/expectations/O03-deploy-udp-service-accepted-udp-intent/evidence"
REPO="/Users/marcus/conductor/workspaces/helios/luxembourg-v2"
SPEC="/Users/marcus/conductor/workspaces/helios/luxembourg-v2/examples/dns-resolver.toml"
SEED="1"
cd "$REPO"

BIND="127.0.0.1:7443"
LOOPBACK_PROBE_PORT="1"   # nothing listens here; a healthy loopback refuses fast
CFG_DIR="$(mktemp -d /tmp/od-o03-cfg.XXXXXX)"
DATA_DIR="$(mktemp -d /tmp/od-o03-data.XXXXXX)"
SERVE_PID=""
DEPLOY_RC="n/a"
SERVE_STATUS="not-started"

# ---- kernel-surface probe helpers (black-box; ip/bpftool/cgroupfs) ----------
probe_xdp() {
  for i in $(ip -br link show | awk '\''{print $1}'\''); do
    info="$(ip link show "$i")"
    case "$info" in
      *xdpgeneric*|*xdpdrv*|*xdp\ *)
        echo "=== $i ==="
        echo "$info" | grep -E '\''xdp(generic|drv)?'\''
        ;;
    esac
  done
  echo "--- bpftool prog show (xdp/sched_cls only) ---"
  bpftool prog show 2>/dev/null | grep -E '\''(xdp|sched_cls)'\'' || echo "(none)"
}
probe_loopback() {
  if timeout 3 bash -c "echo > /dev/tcp/127.0.0.1/$LOOPBACK_PROBE_PORT" 2>/dev/null; then
    echo "UNEXPECTED: 127.0.0.1:$LOOPBACK_PROBE_PORT accepted (something is listening?)"
  else
    rc=$?
    if [ "$rc" -eq 124 ]; then
      echo "HANG: loopback connect timed out after 3s -> probable leaked XDP on lo"
    else
      echo "HEALTHY: loopback refused fast (no leaked XDP swallowing lo traffic)"
    fi
  fi
}
probe_cgroups() {
  ls /sys/fs/cgroup/overdrive.slice/workloads.slice/ 2>/dev/null | grep '\''^alloc-'\'' || echo "(no alloc-*.scope)"
}

# ---- teardown sweep: fires on EVERY exit path (EXIT/ERR) + a post-probe ------
sweep() {
  [ -n "$SERVE_PID" ] && kill "$SERVE_PID" 2>/dev/null
  # cgroup mass-kill + rmdir (testing.md § "Leaked workload cgroups"). This
  # SIGKILLs every PID inside each workload scope — including any socat backend
  # a convergence path would have spawned — so no separate process-name kill is
  # needed. (O03 is pre-convergence and launches no backend at all; the sweep
  # is defensive for the ready/deploy path.) Deliberately NO broad
  # `pgrep -f socat`: the runner'\''s own argv contains the literal socat command
  # string from the fixture path, so a `pgrep -f`/`pgrep -af` on it would
  # match (and `kill`) this very shell — a self-destruct. cgroup.kill is the
  # correct, scoped primitive.
  if cd /sys/fs/cgroup/overdrive.slice/workloads.slice 2>/dev/null; then
    for d in alloc-*.scope; do
      [ -d "$d" ] && { echo 1 > "$d/cgroup.kill" 2>/dev/null; rmdir "$d" 2>/dev/null; }
    done
    cd "$REPO" 2>/dev/null || true
  fi
  # XDP detach (debugging.md § "Leftover XDP attachments")
  for i in $(ip -br link show | awk '\''{print $1}'\''); do
    ip link set dev "$i" xdpgeneric off 2>/dev/null
    ip link set dev "$i" xdpdrv off 2>/dev/null
    ip link set dev "$i" xdp off 2>/dev/null
  done
  return 0
}
# On EVERY exit: sweep, then write the POST-TEARDOWN no-leak proof. This runs on
# the serve-failure path too, so the no-leak evidence is ALWAYS present.
on_exit() {
  sweep
  { echo "# probe: XDP attachments POST-TEARDOWN (after sweep)"; probe_xdp; }       > "$EVID/probe_post_teardown_xdp.txt"      2>&1
  { echo "# probe: loopback POST-TEARDOWN (after sweep)";        probe_loopback; }  > "$EVID/probe_post_teardown_loopback.txt" 2>&1
  { echo "# probe: workload cgroups POST-TEARDOWN (after sweep)"; probe_cgroups; }  > "$EVID/probe_post_teardown_cgroups.txt"  2>&1
  return 0
}
trap on_exit EXIT

# ---- BEFORE probes (proof of clean start) -----------------------------------
{ echo "# probe: XDP attachments BEFORE run"; probe_xdp; }       > "$EVID/probe_before_xdp.txt"      2>&1
{ echo "# probe: loopback BEFORE run";        probe_loopback; }  > "$EVID/probe_before_loopback.txt" 2>&1
{ echo "# probe: workload cgroups BEFORE run"; probe_cgroups; }  > "$EVID/probe_before_cgroups.txt"  2>&1

# If a pre-existing leak is detected at start, clean it and note it.
if grep -q '\''HANG'\'' "$EVID/probe_before_loopback.txt"    || grep -qE '\''(xdp_|overdrive)'\'' "$EVID/probe_before_xdp.txt"    || '\!' grep -q '\''(no alloc'\'' "$EVID/probe_before_cgroups.txt"; then
  echo "PRE-EXISTING LEAK detected at runner start; cleaning before serve." >> "$EVID/probe_before_cgroups.txt"
  sweep
fi

# ---- build once so serve + deploy don'\''t race / double-compile ---------------
echo "# building overdrive binary (single compile shared by serve+deploy)"
if '\!' cargo build -p overdrive-cli --bin overdrive 2> "$EVID/build.log"; then
  echo "BUILD_FAILED"; tail -40 "$EVID/build.log"
  echo "INNER_DONE serve_status=build-failed deploy_rc=n/a"
  exit 0
fi
BIN="$CARGO_TARGET_DIR/debug/overdrive"
[ -x "$BIN" ] || { echo "BIN_MISSING: $BIN"; echo "INNER_DONE serve_status=bin-missing deploy_rc=n/a"; exit 0; }

# ---- background the ephemeral serve under the shared config dir -------------
echo "# starting ephemeral serve: bind=$BIND cfg=$CFG_DIR data=$DATA_DIR"
OVERDRIVE_CONFIG_DIR="$CFG_DIR" "$BIN" serve --bind "$BIND" --data-dir "$DATA_DIR"   > "$EVID/serve.log" 2>&1 &
SERVE_PID=$'\!'

# Readiness gate: serve writes the trust-triple config AFTER it binds the TLS
# listener (serve.rs) — but ONLY if the EbpfDataplane XDP attach at boot
# succeeded. Wait for the config file OR serve death, up to ~25s.
CFG_FILE="$CFG_DIR/.overdrive/config"
ready=0
for _ in $(seq 1 50); do
  if [ -f "$CFG_FILE" ]; then ready=1; break; fi
  if '\!' kill -0 "$SERVE_PID" 2>/dev/null; then break; fi
  sleep 0.5
done

if [ "$ready" -ne 1 ]; then
  # serve never bound. On this VM the cause is the XDP-attach-to-lo failure
  # captured in serve.log; classify as PENDING (not a deploy FAIL) and let the
  # host gate read serve.log for the precise reason.
  SERVE_STATUS="not-ready"
  echo "SERVE_NOT_READY: trust-triple config never appeared at $CFG_FILE"
  echo "--- serve.log tail ---"; tail -20 "$EVID/serve.log"
  echo "INNER_DONE serve_status=not-ready deploy_rc=n/a"
  exit 0   # the on_exit trap writes the post-teardown no-leak proof
fi
SERVE_STATUS="ready"
echo "# serve ready: trust triple written at $CFG_FILE (pid $SERVE_PID)"

# ---- DEPLOY the UDP dns-resolver Service; capture the accept render ----------
{
  echo "# command: overdrive deploy $SPEC"
  echo "# seed:    $SEED"
  echo "# started: $(date -u +%Y-%m-%dT%H:%M:%SZ)"
} > "$EVID/deploy_dns_resolver.meta"
DEPLOY_RC=0
OVERDRIVE_CONFIG_DIR="$CFG_DIR" "$BIN" deploy "$SPEC"   > "$EVID/deploy_dns_resolver.out" 2>&1 || DEPLOY_RC=$?
echo "# exit:    $DEPLOY_RC" >> "$EVID/deploy_dns_resolver.meta"
echo "# deploy exit: $DEPLOY_RC"

# ---- alloc status: capture the listener-protocol render (sub-claim 3) --------
# A Service'\''s listeners are projected from the persisted WorkloadIntent::Service
# aggregate (not the allocation), so `alloc status` renders each listener as
# <port>/<protocol> IMMEDIATELY after deploy-accept — before any convergence to
# a Running allocation. This is the operator-surface proof that the accepted
# intent carries Proto::Udp (closing sub-claim 3 black-box).
ALLOC_RC=0
OVERDRIVE_CONFIG_DIR="$CFG_DIR" "$BIN" alloc status --job dns-resolver   > "$EVID/alloc_status_dns_resolver.out" 2>&1 || ALLOC_RC=$?
echo "# alloc status exit: $ALLOC_RC"

# ---- AFTER probes (steady state the run produced, pre-teardown) -------------
{ echo "# probe: XDP attachments AFTER deploy (pre-teardown)"; probe_xdp; }       > "$EVID/probe_after_xdp.txt"      2>&1
{ echo "# probe: loopback AFTER deploy";  probe_loopback; }                       > "$EVID/probe_after_loopback.txt" 2>&1
{ echo "# probe: workload cgroups AFTER deploy"; probe_cgroups; }                 > "$EVID/probe_after_cgroups.txt"  2>&1

# Stop serve explicitly (the on_exit trap also covers abnormal exits + writes
# the post-teardown no-leak proof).
kill "$SERVE_PID" 2>/dev/null
wait "$SERVE_PID" 2>/dev/null

echo "INNER_DONE serve_status=ready deploy_rc=$DEPLOY_RC"
exit 0'`
/opt/homebrew/bin/limactl
xtask: running limactl shell <cmd>
# building overdrive binary (single compile shared by serve+deploy)
# starting ephemeral serve: bind=127.0.0.1:7443 cfg=/tmp/od-o03-cfg.W8JHal data=/tmp/od-o03-data.2mUL7h
# serve ready: trust triple written at /tmp/od-o03-cfg.W8JHal/.overdrive/config (pid 3291930)
# deploy exit: 0
# alloc status exit: 0
INNER_DONE serve_status=ready deploy_rc=0
